<?xml version="1.0" encoding="UTF-8"?>
<!-- Generated by org.testng.reporters.JUnitReportReporter -->
<testsuite hostname="Surbhits-MacBook-Pro.local" failures="0" tests="4" name="pcloudyHackathon.HackathonTestScenarios" time="254.517" errors="0" timestamp="30 Jul 2022 11:15:43 GMT">
  <testcase classname="pcloudyHackathon.HackathonTestScenarios" name="TC_Scenario002_ToDrawGivenEmoji" time="61.313"/>
  <testcase classname="pcloudyHackathon.HackathonTestScenarios" name="TC_Scenario001_ValidateDoubleTap" time="63.941"/>
  <testcase classname="pcloudyHackathon.HackathonTestScenarios" name="TC_Scenario04_ValidateImageDiffAndTextCompare" time="71.271"/>
  <testcase classname="pcloudyHackathon.HackathonTestScenarios" name="TC_Scenario003_ToVerifyDragAndDropUseCase" time="57.992"/>
</testsuite> <!-- pcloudyHackathon.HackathonTestScenarios -->
